app/build/intermediates/manifest_merge_blame_file/debug/manifest-merger-blame-debug-report.txt
1<?xml version="1.0" encoding="utf-8"?>
2<manifest xmlns:android="http://schemas.android.com/apk/res/android"
3    package="com.example.vtucompanion"
4    android:versionCode="1"
5    android:versionName="1.0" >
6
7    <uses-sdk
8        android:minSdkVersion="16"
8-->src\main\AndroidManifest.xml
9        android:targetSdkVersion="30" />
9-->src\main\AndroidManifest.xml
10
11    <uses-permission android:name="android.permission.CALL_PHONE" />
11-->src\main\AndroidManifest.xml:5:5-69
11-->src\main\AndroidManifest.xml:5:22-66
12    <uses-permission android:name="android.permission.INTERNET" />
12-->src\main\AndroidManifest.xml:6:5-67
12-->src\main\AndroidManifest.xml:6:22-64
13    <uses-permission android:name="android.permission.SET_WALLPAPER" />
13-->src\main\AndroidManifest.xml:7:5-72
13-->src\main\AndroidManifest.xml:7:22-69
14    <uses-permission android:name="android.permission.READ_EXTERNAL_STORAGE" />
14-->src\main\AndroidManifest.xml:8:5-80
14-->src\main\AndroidManifest.xml:8:22-77
15
16    <application
16-->src\main\AndroidManifest.xml:10:5-40:19
17        android:allowBackup="true"
17-->src\main\AndroidManifest.xml:11:9-35
18        android:appComponentFactory="androidx.core.app.CoreComponentFactory"
18-->[androidx.core:core:1.5.0] AndroidManifest.xml:24:18-86
19        android:debuggable="true"
20        android:icon="@mipmap/ic_launcher"
20-->src\main\AndroidManifest.xml:12:9-43
21        android:label="@string/app_name"
21-->src\main\AndroidManifest.xml:13:9-41
22        android:roundIcon="@mipmap/ic_launcher_round"
22-->src\main\AndroidManifest.xml:14:9-54
23        android:supportsRtl="true"
23-->src\main\AndroidManifest.xml:15:9-35
24        android:testOnly="true"
25        android:theme="@style/Theme.VTUCompanion" >
25-->src\main\AndroidManifest.xml:16:9-50
26        <activity android:name="com.example.vtucompanion.SplashScreen" >
26-->src\main\AndroidManifest.xml:17:9-23:20
26-->src\main\AndroidManifest.xml:17:19-47
27            <intent-filter>
27-->src\main\AndroidManifest.xml:18:13-22:29
28                <action android:name="android.intent.action.MAIN" />
28-->src\main\AndroidManifest.xml:19:17-69
28-->src\main\AndroidManifest.xml:19:25-66
29
30                <category android:name="android.intent.category.LAUNCHER" />
30-->src\main\AndroidManifest.xml:21:17-77
30-->src\main\AndroidManifest.xml:21:27-74
31            </intent-filter>
32        </activity>
33        <activity android:name="com.example.vtucompanion.feedBackSystem" />
33-->src\main\AndroidManifest.xml:24:9-52
33-->src\main\AndroidManifest.xml:24:19-49
34        <activity android:name="com.example.vtucompanion.Profile" />
34-->src\main\AndroidManifest.xml:25:9-45
34-->src\main\AndroidManifest.xml:25:19-42
35        <activity android:name="com.example.vtucompanion.insideStudyMaterials" />
35-->src\main\AndroidManifest.xml:26:9-58
35-->src\main\AndroidManifest.xml:26:19-55
36        <activity android:name="com.example.vtucompanion.sgpaprog" />
36-->src\main\AndroidManifest.xml:27:9-46
36-->src\main\AndroidManifest.xml:27:19-43
37        <activity android:name="com.example.vtucompanion.TodoLists" />
37-->src\main\AndroidManifest.xml:28:9-47
37-->src\main\AndroidManifest.xml:28:19-44
38        <activity android:name="com.example.vtucompanion.inside2vturesults" />
38-->src\main\AndroidManifest.xml:29:9-55
38-->src\main\AndroidManifest.xml:29:19-52
39        <activity android:name="com.example.vtucompanion.cgpaprog" />
39-->src\main\AndroidManifest.xml:30:9-46
39-->src\main\AndroidManifest.xml:30:19-43
40        <activity android:name="com.example.vtucompanion.inside1csgpa" />
40-->src\main\AndroidManifest.xml:31:9-50
40-->src\main\AndroidManifest.xml:31:19-47
41        <activity android:name="com.example.vtucompanion.Insider" />
41-->src\main\AndroidManifest.xml:32:9-45
41-->src\main\AndroidManifest.xml:32:19-42
42        <activity android:name="com.example.vtucompanion.Registration" />
42-->src\main\AndroidManifest.xml:33:9-50
42-->src\main\AndroidManifest.xml:33:19-47
43        <activity android:name="com.example.vtucompanion.MainActivity" />
43-->src\main\AndroidManifest.xml:34:9-49
43-->src\main\AndroidManifest.xml:34:19-47
44
45        <meta-data
45-->src\main\AndroidManifest.xml:37:9-39:57
46            android:name="preloaded_fonts"
46-->src\main\AndroidManifest.xml:38:13-43
47            android:resource="@array/preloaded_fonts" />
47-->src\main\AndroidManifest.xml:39:13-54
48    </application>
49
50</manifest>